I value is :0
I value is :1
I value is :2
I value is :3
I value is :4
I value is :5
I value is :6
I value is :7
I value is :8
I value is :9
I value is :10
I value is :11
I value is :12
I value is :13
I value is :14
I value is :15
I value is :16
I value is :17
I value is :18
I value is :19
I value is :20
I value is :21
I value is :22
I value is :23
I value is :24
I value is :25
I value is :26
I value is :27
I value is :28
I value is :0
I value is :1
I value is :2
I value is :3
I value is :4
I value is :5
I value is :6
I value is :7
I value is :8
I value is :9
I value is :10
I value is :11
I value is :12
I value is :13
I value is :14
I value is :15
I value is :16
I value is :17
I value is :18
I value is :19
I value is :20
I value is :21
I value is :22
I value is :23
I value is :24
I value is :25
I value is :26
I value is :27
I value is :28
I value is :29
I value is :30
I value is :31
I value is :32
I value is :33
I value is :34
I value is :35
I value is :36
I value is :37
I value is :38
I value is :39
I value is :40
I value is :41
I value is :42
I value is :43
I value is :44
I value is :45
I value is :46
I value is :47
I value is :48
I value is :49
I value is :50
I value is :0
I value is :51
I value is :1
I value is :52
I value is :2
I value is :53
I value is :3
I value is :54
I value is :4
I value is :55
I value is :5
I value is :56
I value is :6
I value is :57
I value is :7
I value is :58
I value is :8
I value is :59
I value is :9
I value is :60
I value is :10
I value is :61
I value is :11
I value is :62
I value is :12
I value is :63
I value is :13
I value is :64
I value is :14
I value is :65
I value is :15
I value is :66
I value is :16
I value is :67
I value is :17
I value is :68
I value is :18
I value is :69
I value is :19
I value is :70
I value is :20
I value is :71
I value is :21
I value is :72
I value is :22
I value is :73
I value is :23
I value is :74
I value is :24
I value is :75
I value is :25
I value is :76
I value is :26
I value is :77
I value is :27
I value is :78
I value is :28
I value is :79
I value is :29
I value is :80
I value is :30
I value is :81
I value is :31
I value is :82
I value is :32
I value is :83
I value is :33
I value is :84
I value is :34
I value is :85
I value is :35
I value is :86
I value is :36
I value is :87
I value is :37
I value is :88
I value is :38
I value is :89
I value is :39
I value is :90
I value is :40
I value is :91
I value is :41
I value is :92
I value is :42
I value is :93
I value is :43
I value is :94
I value is :44
I value is :95
I value is :45
I value is :96
I value is :46
I value is :97
I value is :47
I value is :98
I value is :48
I value is :99
I value is :49
I value is :100
I value is :50
I value is :101
I value is :51
I value is :102
I value is :52
I value is :103
I value is :53
I value is :104
I value is :54
I value is :105
I value is :55
I value is :106
I value is :56
I value is :107
I value is :57
I value is :108
I value is :58
I value is :109
I value is :59
I value is :110
I value is :60
I value is :111
I value is :61
I value is :112
I value is :62
I value is :113
I value is :63
I value is :114
I value is :64
I value is :115
I value is :65
I value is :116
I value is :66
I value is :117
I value is :67
I value is :118
I value is :68
I value is :119
I value is :69
I value is :120
I value is :70
I value is :121
I value is :71
I value is :122
I value is :72
I value is :123
I value is :73
I value is :124
I value is :74
I value is :125
I value is :75
I value is :126
I value is :76
I value is :127
I value is :77
I value is :128
I value is :78
I value is :129
I value is :79
I value is :130
I value is :80
I value is :131
I value is :81
I value is :132
I value is :82
I value is :133
I value is :83
I value is :134
I value is :84
I value is :135
I value is :85
I value is :136
I value is :86
I value is :137
I value is :87
I value is :138
I value is :88
I value is :139
I value is :89
I value is :140
I value is :90
I value is :141
I value is :91
I value is :142
I value is :92
I value is :143
I value is :93
I value is :144
I value is :94
I value is :145
I value is :95
I value is :146
I value is :96
I value is :147
I value is :97
I value is :148
I value is :98
I value is :149
I value is :99
I value is :150
I value is :100
I value is :151
I value is :101
I value is :152
I value is :102
I value is :153
I value is :103
I value is :154
I value is :104
I value is :155
I value is :105
I value is :156
I value is :106
I value is :157
I value is :107
I value is :158
I value is :108
I value is :159
I value is :109
I value is :160
I value is :110
I value is :161
I value is :111
I value is :162
I value is :112
I value is :163
I value is :113
I value is :164
I value is :114
I value is :165
I value is :115
I value is :166
I value is :116
I value is :167
I value is :117
I value is :168
I value is :118
I value is :169
I value is :119
I value is :170
I value is :120
I value is :171
I value is :121
I value is :172
I value is :122
I value is :173
I value is :123
I value is :174
I value is :124
I value is :175
I value is :125
I value is :176
I value is :126
I value is :177
I value is :127
I value is :178
I value is :128
I value is :179
I value is :129
I value is :180
I value is :130
I value is :181
I value is :131
I value is :182
I value is :132
I value is :183
I value is :133
I value is :184
I value is :134
I value is :185
I value is :135
I value is :186
I value is :136
I value is :187
I value is :137
I value is :188
I value is :138
I value is :189
I value is :139
I value is :190
I value is :140
I value is :191
I value is :141
I value is :192
I value is :142
I value is :193
I value is :143
I value is :194
I value is :144
I value is :195
I value is :145
I value is :196
I value is :146
I value is :197
I value is :147
I value is :198
I value is :148
I value is :199
I value is :149
I value is :200
I value is :150
I value is :201
I value is :151
I value is :202
I value is :152
I value is :203
I value is :153
I value is :204
I value is :154
I value is :205
I value is :155
I value is :206
I value is :156
I value is :207
I value is :157
I value is :208
I value is :158
I value is :209
I value is :159
I value is :210
I value is :160
I value is :211
I value is :161
I value is :212
I value is :162
I value is :213
I value is :163
I value is :214
I value is :164
I value is :215
I value is :165
I value is :216
I value is :166
I value is :217
I value is :167
I value is :218
I value is :168
I value is :219
I value is :169
I value is :220
I value is :170
I value is :221
I value is :171
I value is :222
I value is :172
I value is :223
I value is :173
I value is :224
I value is :174
I value is :225
I value is :175
I value is :226
I value is :176
I value is :227
I value is :177
I value is :228
I value is :178
I value is :229
I value is :179
I value is :230
I value is :180
I value is :231
I value is :181
I value is :232
I value is :182
I value is :233
I value is :183
I value is :234
I value is :184
I value is :235
I value is :185
I value is :236
I value is :186
I value is :237
I value is :187
I value is :238
I value is :188
I value is :239
I value is :189
I value is :240
I value is :190
I value is :241
I value is :191
I value is :242
I value is :192
I value is :243
I value is :193
I value is :244
I value is :194
I value is :245
I value is :195
I value is :246
I value is :196
I value is :247
I value is :197
I value is :248
I value is :198
I value is :249
I value is :199
I value is :250
I value is :200
I value is :251
I value is :201
I value is :252
I value is :202
I value is :253
I value is :203
I value is :254
I value is :204
I value is :255
I value is :205
I value is :256
I value is :206
I value is :257
I value is :207
I value is :258
I value is :208
I value is :259
I value is :209
I value is :260
I value is :210
I value is :261
I value is :211
I value is :262
I value is :212
I value is :263
I value is :213
I value is :264
I value is :214
I value is :265
I value is :215
I value is :266
I value is :216
I value is :267
I value is :217
I value is :268
I value is :218
I value is :269
I value is :219
I value is :270
I value is :220
I value is :271
I value is :221
I value is :272
I value is :222
I value is :273
I value is :223
I value is :274
I value is :224
I value is :275
I value is :225
I value is :276
I value is :226
I value is :277
I value is :227
I value is :278
I value is :228
I value is :279
I value is :229
I value is :280
I value is :230
I value is :281
I value is :231
I value is :282
I value is :232
I value is :283
I value is :233
I value is :284
I value is :234
I value is :285
I value is :235
I value is :286
I value is :236
I value is :287
I value is :237
I value is :288
I value is :238
I value is :289
I value is :239
I value is :290
I value is :240
I value is :291
I value is :241
I value is :292
I value is :242
I value is :293
I value is :243
I value is :294
I value is :244
I value is :295
I value is :245
I value is :296
I value is :246
I value is :297
I value is :247
I value is :298
I value is :248
I value is :299
I value is :249
I value is :300
I value is :250
I value is :301
I value is :251
I value is :302
I value is :252
I value is :303
I value is :253
I value is :304
I value is :254
I value is :305
I value is :255
I value is :306
I value is :256
I value is :307
I value is :257
I value is :308
I value is :258
I value is :309
I value is :259
I value is :310
I value is :260
I value is :311
I value is :261
I value is :312
I value is :262
I value is :313
I value is :263
I value is :314
I value is :264
I value is :315
I value is :265
I value is :316
I value is :266
I value is :317
I value is :267
I value is :318
I value is :268
I value is :319
I value is :269
I value is :320
I value is :270
I value is :321
I value is :271
I value is :322
I value is :272
I value is :323
I value is :273
I value is :324
I value is :274
I value is :325
I value is :275
I value is :326
I value is :276
I value is :327
I value is :277
I value is :328
I value is :278
I value is :329
I value is :279
I value is :330
I value is :280
I value is :331
I value is :281
I value is :332
I value is :282
I value is :333
I value is :283
I value is :334
I value is :284
I value is :335
I value is :285
I value is :336
I value is :286
I value is :337
I value is :287
I value is :338
I value is :288
I value is :339
I value is :289
I value is :340
I value is :290
I value is :341
I value is :291
I value is :342
I value is :292
I value is :343
I value is :293
I value is :344
I value is :294
I value is :295
I value is :296
I value is :297
I value is :298
I value is :299
I value is :300
I value is :301
I value is :302
Exception in thread "main" java.lang.NumberFormatException: null
	at java.base/java.lang.Integer.parseInt(Integer.java:614)
	at java.base/java.lang.Integer.parseInt(Integer.java:770)
	at com.cme.beans.PrintNumbers.main(PrintNumbers.java:8)
Unrecognized option: -N=1000
Error: Could not create the Java Virtual Machine.
Error: A fatal exception has occurred. Program will exit.
